the task `make_fastw' does not exist
  * executing `make_fastq'
    triggering before callbacks for `make_fastq'
  * executing `EC2:start'
I, [2011-01-24T03:56:13.262330 #24067]  INFO -- : New RightAws::Ec2 using shared connections mode
I, [2011-01-24T03:56:13.264057 #24067]  INFO -- : Opening new HTTPS connection to eu-west-1.ec2.amazonaws.com:443
W, [2011-01-24T03:56:13.558778 #24067]  WARN -- : ##### RightAws::Ec2 returned an error: 400 Bad Request
<?xml version="1.0" encoding="UTF-8"?>
<Response><Errors><Error><Code>InvalidGroup.Duplicate</Code><Message>The security group 'CaTPAWS_FloResCre_ChIPseq' already exists</Message></Error></Errors><RequestID>ea2cc604-739c-47f6-a026-b43323e11092</RequestID></Response> #####
W, [2011-01-24T03:56:13.559041 #24067]  WARN -- : ##### RightAws::Ec2 request: https://eu-west-1.ec2.amazonaws.com:443/?AWSAccessKeyId=16F5AHH5HWR243WSNMR2&Action=CreateSecurityGroup&GroupDescription=A%20group%20created%20by%20CaTPAWS%20%28http%3A%2F%2Fgithub.com%2Fcassj%2Fcatpaws%29&GroupName=CaTPAWS_FloResCre_ChIPseq&SignatureMethod=HmacSHA256&SignatureVersion=2&Timestamp=2011-01-24T03%3A56%3A13.000Z&Version=2009-11-30&Signature=cg8bUsjiHsnx80tH7aEliApOX8OKmt%2FM%2BF3DpZlRYBA%3D ####
    triggering after callbacks for `EC2:start'
  * executing `EC2:setup'
  * executing "sudo -p 'sudo password: ' mkdir -p /mnt/work"
    servers: ["ec2-79-125-85-204.eu-west-1.compute.amazonaws.com"]
    [ec2-79-125-85-204.eu-west-1.compute.amazonaws.com] executing command
    command finished
  * executing "sudo -p 'sudo password: ' chown -R ubuntu /mnt/work"
    servers: ["ec2-79-125-85-204.eu-west-1.compute.amazonaws.com"]
    [ec2-79-125-85-204.eu-west-1.compute.amazonaws.com] executing command
    command finished
    servers: ["ec2-79-125-85-204.eu-west-1.compute.amazonaws.com"]
 ** sftp upload scripts/export2fastq.pl -> /mnt/work/export2fastq.pl
    [ec2-79-125-85-204.eu-west-1.compute.amazonaws.com] /mnt/work/export2fastq.pl
    [ec2-79-125-85-204.eu-west-1.compute.amazonaws.com] done
  * sftp upload complete
  * executing "chmod +x /mnt/work/export2fastq.pl"
    servers: ["ec2-79-125-85-204.eu-west-1.compute.amazonaws.com"]
    [ec2-79-125-85-204.eu-west-1.compute.amazonaws.com] executing command
    command finished
  * executing "sudo mv /mnt/work/export2fastq.pl /usr/local/bin/"
    servers: ["ec2-79-125-85-204.eu-west-1.compute.amazonaws.com"]
    [ec2-79-125-85-204.eu-west-1.compute.amazonaws.com] executing command
    command finished
  * executing "ls /mnt/data/*export.txt"
    servers: ["ec2-79-125-85-204.eu-west-1.compute.amazonaws.com"]
    [ec2-79-125-85-204.eu-west-1.compute.amazonaws.com] executing command
    command finished
  * executing "export2fastq.pl /mnt/data/C18_H3K9ac_CME143_s_8_export.txt > /mnt/data/C18_H3K9ac_CME143_s_8_export.fastq"
    servers: ["ec2-79-125-85-204.eu-west-1.compute.amazonaws.com"]
    [ec2-79-125-85-204.eu-west-1.compute.amazonaws.com] executing command
    command finished
  * executing "export2fastq.pl /mnt/data/C18_input_CME142_s_7_export.txt > /mnt/data/C18_input_CME142_s_7_export.fastq"
    servers: ["ec2-79-125-85-204.eu-west-1.compute.amazonaws.com"]
    [ec2-79-125-85-204.eu-west-1.compute.amazonaws.com] executing command
    command finished
  * executing "export2fastq.pl /mnt/data/CME140_s_5_export.txt > /mnt/data/CME140_s_5_export.fastq"
    servers: ["ec2-79-125-85-204.eu-west-1.compute.amazonaws.com"]
    [ec2-79-125-85-204.eu-west-1.compute.amazonaws.com] executing command
    command finished
  * executing "export2fastq.pl /mnt/data/D4_H3K9ac_CME141_s_6_export.txt > /mnt/data/D4_H3K9ac_CME141_s_6_export.fastq"
    servers: ["ec2-79-125-85-204.eu-west-1.compute.amazonaws.com"]
    [ec2-79-125-85-204.eu-west-1.compute.amazonaws.com] executing command
    command finished
  * executing "export2fastq.pl /mnt/data/FloResCre_C18_H4ac_CME117_s_2_export.txt > /mnt/data/FloResCre_C18_H4ac_CME117_s_2_export.fastq"
    servers: ["ec2-79-125-85-204.eu-west-1.compute.amazonaws.com"]
    [ec2-79-125-85-204.eu-west-1.compute.amazonaws.com] executing command
    command finished
  * executing "export2fastq.pl /mnt/data/FloResCre_C18_Input_CME116_s_5_export.txt > /mnt/data/FloResCre_C18_Input_CME116_s_5_export.fastq"
    servers: ["ec2-79-125-85-204.eu-west-1.compute.amazonaws.com"]
    [ec2-79-125-85-204.eu-west-1.compute.amazonaws.com] executing command
    command finished
  * executing "export2fastq.pl /mnt/data/FloRes_H4acs_CME118_3_export.txt > /mnt/data/FloRes_H4acs_CME118_3_export.fastq"
    servers: ["ec2-79-125-85-204.eu-west-1.compute.amazonaws.com"]
    [ec2-79-125-85-204.eu-west-1.compute.amazonaws.com] executing command
    command finished
  * executing `fastqc'
    triggering before callbacks for `fastqc'
  * executing `EC2:start'
I, [2011-01-24T05:05:13.616967 #31737]  INFO -- : New RightAws::Ec2 using shared connections mode
I, [2011-01-24T05:05:13.619387 #31737]  INFO -- : Opening new HTTPS connection to eu-west-1.ec2.amazonaws.com:443
W, [2011-01-24T05:05:13.744721 #31737]  WARN -- : ##### RightAws::Ec2 returned an error: 400 Bad Request
<?xml version="1.0" encoding="UTF-8"?>
<Response><Errors><Error><Code>InvalidGroup.Duplicate</Code><Message>The security group 'CaTPAWS_FloResCre_ChIPseq' already exists</Message></Error></Errors><RequestID>93a26299-ad9a-4d68-a98c-0650e9c1fe75</RequestID></Response> #####
W, [2011-01-24T05:05:13.744807 #31737]  WARN -- : ##### RightAws::Ec2 request: https://eu-west-1.ec2.amazonaws.com:443/?AWSAccessKeyId=16F5AHH5HWR243WSNMR2&Action=CreateSecurityGroup&GroupDescription=A%20group%20created%20by%20CaTPAWS%20%28http%3A%2F%2Fgithub.com%2Fcassj%2Fcatpaws%29&GroupName=CaTPAWS_FloResCre_ChIPseq&SignatureMethod=HmacSHA256&SignatureVersion=2&Timestamp=2011-01-24T05%3A05%3A13.000Z&Version=2009-11-30&Signature=Nry4JdAr98t8%2FgBxpw7RFXE%2B3RN8uJb4T62%2B6LmEeYs%3D ####
    triggering after callbacks for `EC2:start'
  * executing `EC2:setup'
  * executing "sudo -p 'sudo password: ' mkdir -p /mnt/work"
    servers: ["ec2-79-125-85-204.eu-west-1.compute.amazonaws.com"]
    [ec2-79-125-85-204.eu-west-1.compute.amazonaws.com] executing command
    command finished
  * executing "sudo -p 'sudo password: ' chown -R ubuntu /mnt/work"
    servers: ["ec2-79-125-85-204.eu-west-1.compute.amazonaws.com"]
    [ec2-79-125-85-204.eu-west-1.compute.amazonaws.com] executing command
    command finished
  * executing "ls /mnt/data/*.fastq"
    servers: ["ec2-79-125-85-204.eu-west-1.compute.amazonaws.com"]
    [ec2-79-125-85-204.eu-west-1.compute.amazonaws.com] executing command
    command finished
  * executing "/mnt/work/FastQC/fastqc --outdir /mnt/data /mnt/data/C18_H3K9ac_CME143_s_8_export.fastq"
    servers: ["ec2-79-125-85-204.eu-west-1.compute.amazonaws.com"]
    [ec2-79-125-85-204.eu-west-1.compute.amazonaws.com] executing command
 ** [out :: ec2-79-125-85-204.eu-west-1.compute.amazonaws.com] Processing C18_H3K9ac_CME143_s_8_export.fastq
 ** [out :: ec2-79-125-85-204.eu-west-1.compute.amazonaws.com] 
*** [err :: ec2-79-125-85-204.eu-west-1.compute.amazonaws.com] Approx 5% complete for C18_H3K9ac_CME143_s_8_export.fastq
*** [err :: ec2-79-125-85-204.eu-west-1.compute.amazonaws.com] Approx 10% complete for C18_H3K9ac_CME143_s_8_export.fastq
*** [err :: ec2-79-125-85-204.eu-west-1.compute.amazonaws.com] Approx 15% complete for C18_H3K9ac_CME143_s_8_export.fastq
*** [err :: ec2-79-125-85-204.eu-west-1.compute.amazonaws.com] Approx 20% complete for C18_H3K9ac_CME143_s_8_export.fastq
*** [err :: ec2-79-125-85-204.eu-west-1.compute.amazonaws.com] Approx 25% complete for C18_H3K9ac_CME143_s_8_export.fastq
*** [err :: ec2-79-125-85-204.eu-west-1.compute.amazonaws.com] Approx 30% complete for C18_H3K9ac_CME143_s_8_export.fastq
*** [err :: ec2-79-125-85-204.eu-west-1.compute.amazonaws.com] Approx 35% complete for C18_H3K9ac_CME143_s_8_export.fastq
*** [err :: ec2-79-125-85-204.eu-west-1.compute.amazonaws.com] Approx 40% complete for C18_H3K9ac_CME143_s_8_export.fastq
*** [err :: ec2-79-125-85-204.eu-west-1.compute.amazonaws.com] Approx 45% complete for C18_H3K9ac_CME143_s_8_export.fastq
*** [err :: ec2-79-125-85-204.eu-west-1.compute.amazonaws.com] Approx 50% complete for C18_H3K9ac_CME143_s_8_export.fastq
*** [err :: ec2-79-125-85-204.eu-west-1.compute.amazonaws.com] Approx 55% complete for C18_H3K9ac_CME143_s_8_export.fastq
*** [err :: ec2-79-125-85-204.eu-west-1.compute.amazonaws.com] Approx 60% complete for C18_H3K9ac_CME143_s_8_export.fastq
*** [err :: ec2-79-125-85-204.eu-west-1.compute.amazonaws.com] Approx 65% complete for C18_H3K9ac_CME143_s_8_export.fastq
*** [err :: ec2-79-125-85-204.eu-west-1.compute.amazonaws.com] Approx 70% complete for C18_H3K9ac_CME143_s_8_export.fastq
*** [err :: ec2-79-125-85-204.eu-west-1.compute.amazonaws.com] Approx 75% complete for C18_H3K9ac_CME143_s_8_export.fastq
*** [err :: ec2-79-125-85-204.eu-west-1.compute.amazonaws.com] Approx 80% complete for C18_H3K9ac_CME143_s_8_export.fastq
*** [err :: ec2-79-125-85-204.eu-west-1.compute.amazonaws.com] Approx 85% complete for C18_H3K9ac_CME143_s_8_export.fastq
*** [err :: ec2-79-125-85-204.eu-west-1.compute.amazonaws.com] 
*** [err :: ec2-79-125-85-204.eu-west-1.compute.amazonaws.com] Approx 90% complete for C18_H3K9ac_CME143_s_8_export.fastq
*** [err :: ec2-79-125-85-204.eu-west-1.compute.amazonaws.com] Approx 95% complete for C18_H3K9ac_CME143_s_8_export.fastq
*** [err :: ec2-79-125-85-204.eu-west-1.compute.amazonaws.com] Approx 100% complete for C18_H3K9ac_CME143_s_8_export.fastq
*** [err :: ec2-79-125-85-204.eu-west-1.compute.amazonaws.com] It seems our guess for the total number of records wasn't very good.  Sorry about that.
*** [err :: ec2-79-125-85-204.eu-west-1.compute.amazonaws.com] Still going at 105% complete for C18_H3K9ac_CME143_s_8_export.fastq
*** [err :: ec2-79-125-85-204.eu-west-1.compute.amazonaws.com] Still going at 110% complete for C18_H3K9ac_CME143_s_8_export.fastq
*** [err :: ec2-79-125-85-204.eu-west-1.compute.amazonaws.com] Still going at 115% complete for C18_H3K9ac_CME143_s_8_export.fastq
*** [err :: ec2-79-125-85-204.eu-west-1.compute.amazonaws.com] Still going at 120% complete for C18_H3K9ac_CME143_s_8_export.fastq
    command finished
  * executing "/mnt/work/FastQC/fastqc --outdir /mnt/data /mnt/data/C18_input_CME142_s_7_export.fastq"
    servers: ["ec2-79-125-85-204.eu-west-1.compute.amazonaws.com"]
    [ec2-79-125-85-204.eu-west-1.compute.amazonaws.com] executing command
 ** [out :: ec2-79-125-85-204.eu-west-1.compute.amazonaws.com] Processing C18_input_CME142_s_7_export.fastq
 ** [out :: ec2-79-125-85-204.eu-west-1.compute.amazonaws.com] 
*** [err :: ec2-79-125-85-204.eu-west-1.compute.amazonaws.com] Approx 5% complete for C18_input_CME142_s_7_export.fastq
*** [err :: ec2-79-125-85-204.eu-west-1.compute.amazonaws.com] Approx 10% complete for C18_input_CME142_s_7_export.fastq
*** [err :: ec2-79-125-85-204.eu-west-1.compute.amazonaws.com] Approx 15% complete for C18_input_CME142_s_7_export.fastq
*** [err :: ec2-79-125-85-204.eu-west-1.compute.amazonaws.com] Approx 20% complete for C18_input_CME142_s_7_export.fastq
*** [err :: ec2-79-125-85-204.eu-west-1.compute.amazonaws.com] Approx 25% complete for C18_input_CME142_s_7_export.fastq
*** [err :: ec2-79-125-85-204.eu-west-1.compute.amazonaws.com] Approx 30% complete for C18_input_CME142_s_7_export.fastq
*** [err :: ec2-79-125-85-204.eu-west-1.compute.amazonaws.com] Approx 35% complete for C18_input_CME142_s_7_export.fastq
*** [err :: ec2-79-125-85-204.eu-west-1.compute.amazonaws.com] Approx 40% complete for C18_input_CME142_s_7_export.fastq
*** [err :: ec2-79-125-85-204.eu-west-1.compute.amazonaws.com] Approx 45% complete for C18_input_CME142_s_7_export.fastq
*** [err :: ec2-79-125-85-204.eu-west-1.compute.amazonaws.com] Approx 50% complete for C18_input_CME142_s_7_export.fastq
*** [err :: ec2-79-125-85-204.eu-west-1.compute.amazonaws.com] Approx 55% complete for C18_input_CME142_s_7_export.fastq
*** [err :: ec2-79-125-85-204.eu-west-1.compute.amazonaws.com] Approx 60% complete for C18_input_CME142_s_7_export.fastq
*** [err :: ec2-79-125-85-204.eu-west-1.compute.amazonaws.com] Approx 65% complete for C18_input_CME142_s_7_export.fastq
*** [err :: ec2-79-125-85-204.eu-west-1.compute.amazonaws.com] Approx 70% complete for C18_input_CME142_s_7_export.fastq
*** [err :: ec2-79-125-85-204.eu-west-1.compute.amazonaws.com] Approx 75% complete for C18_input_CME142_s_7_export.fastq
*** [err :: ec2-79-125-85-204.eu-west-1.compute.amazonaws.com] Approx 80% complete for C18_input_CME142_s_7_export.fastq
*** [err :: ec2-79-125-85-204.eu-west-1.compute.amazonaws.com] Approx 85% complete for C18_input_CME142_s_7_export.fastq
*** [err :: ec2-79-125-85-204.eu-west-1.compute.amazonaws.com] Approx 90% complete for C18_input_CME142_s_7_export.fastq
*** [err :: ec2-79-125-85-204.eu-west-1.compute.amazonaws.com] Approx 95% complete for C18_input_CME142_s_7_export.fastq
*** [err :: ec2-79-125-85-204.eu-west-1.compute.amazonaws.com] Approx 100% complete for C18_input_CME142_s_7_export.fastq
*** [err :: ec2-79-125-85-204.eu-west-1.compute.amazonaws.com] It seems our guess for the total number of records wasn't very good.  Sorry about that.
*** [err :: ec2-79-125-85-204.eu-west-1.compute.amazonaws.com] Still going at 105% complete for C18_input_CME142_s_7_export.fastq
*** [err :: ec2-79-125-85-204.eu-west-1.compute.amazonaws.com] Still going at 110% complete for C18_input_CME142_s_7_export.fastq
*** [err :: ec2-79-125-85-204.eu-west-1.compute.amazonaws.com] Still going at 115% complete for C18_input_CME142_s_7_export.fastq
*** [err :: ec2-79-125-85-204.eu-west-1.compute.amazonaws.com] Still going at 120% complete for C18_input_CME142_s_7_export.fastq
    command finished
  * executing "/mnt/work/FastQC/fastqc --outdir /mnt/data /mnt/data/CME140_s_5_export.fastq"
    servers: ["ec2-79-125-85-204.eu-west-1.compute.amazonaws.com"]
    [ec2-79-125-85-204.eu-west-1.compute.amazonaws.com] executing command
 ** [out :: ec2-79-125-85-204.eu-west-1.compute.amazonaws.com] Processing CME140_s_5_export.fastq
 ** [out :: ec2-79-125-85-204.eu-west-1.compute.amazonaws.com] 
*** [err :: ec2-79-125-85-204.eu-west-1.compute.amazonaws.com] Approx 5% complete for CME140_s_5_export.fastq
*** [err :: ec2-79-125-85-204.eu-west-1.compute.amazonaws.com] Approx 10% complete for CME140_s_5_export.fastq
*** [err :: ec2-79-125-85-204.eu-west-1.compute.amazonaws.com] Approx 15% complete for CME140_s_5_export.fastq
*** [err :: ec2-79-125-85-204.eu-west-1.compute.amazonaws.com] Approx 20% complete for CME140_s_5_export.fastq
*** [err :: ec2-79-125-85-204.eu-west-1.compute.amazonaws.com] Approx 25% complete for CME140_s_5_export.fastq
*** [err :: ec2-79-125-85-204.eu-west-1.compute.amazonaws.com] Approx 30% complete for CME140_s_5_export.fastq
*** [err :: ec2-79-125-85-204.eu-west-1.compute.amazonaws.com] Approx 35% complete for CME140_s_5_export.fastq
*** [err :: ec2-79-125-85-204.eu-west-1.compute.amazonaws.com] Approx 40% complete for CME140_s_5_export.fastq
*** [err :: ec2-79-125-85-204.eu-west-1.compute.amazonaws.com] Approx 45% complete for CME140_s_5_export.fastq
*** [err :: ec2-79-125-85-204.eu-west-1.compute.amazonaws.com] 
*** [err :: ec2-79-125-85-204.eu-west-1.compute.amazonaws.com] Approx 50% complete for CME140_s_5_export.fastq
*** [err :: ec2-79-125-85-204.eu-west-1.compute.amazonaws.com] Approx 55% complete for CME140_s_5_export.fastq
*** [err :: ec2-79-125-85-204.eu-west-1.compute.amazonaws.com] Approx 60% complete for CME140_s_5_export.fastq
*** [err :: ec2-79-125-85-204.eu-west-1.compute.amazonaws.com] Approx 65% complete for CME140_s_5_export.fastq
*** [err :: ec2-79-125-85-204.eu-west-1.compute.amazonaws.com] Approx 70% complete for CME140_s_5_export.fastq
*** [err :: ec2-79-125-85-204.eu-west-1.compute.amazonaws.com] Approx 75% complete for CME140_s_5_export.fastq
*** [err :: ec2-79-125-85-204.eu-west-1.compute.amazonaws.com] Approx 80% complete for CME140_s_5_export.fastq
*** [err :: ec2-79-125-85-204.eu-west-1.compute.amazonaws.com] Approx 85% complete for CME140_s_5_export.fastq
*** [err :: ec2-79-125-85-204.eu-west-1.compute.amazonaws.com] Approx 90% complete for CME140_s_5_export.fastq
*** [err :: ec2-79-125-85-204.eu-west-1.compute.amazonaws.com] Approx 95% complete for CME140_s_5_export.fastq
*** [err :: ec2-79-125-85-204.eu-west-1.compute.amazonaws.com] Approx 100% complete for CME140_s_5_export.fastq
*** [err :: ec2-79-125-85-204.eu-west-1.compute.amazonaws.com] It seems our guess for the total number of records wasn't very good.  Sorry about that.
*** [err :: ec2-79-125-85-204.eu-west-1.compute.amazonaws.com] Still going at 105% complete for CME140_s_5_export.fastq
*** [err :: ec2-79-125-85-204.eu-west-1.compute.amazonaws.com] Still going at 110% complete for CME140_s_5_export.fastq
*** [err :: ec2-79-125-85-204.eu-west-1.compute.amazonaws.com] Still going at 115% complete for CME140_s_5_export.fastq
*** [err :: ec2-79-125-85-204.eu-west-1.compute.amazonaws.com] Still going at 120% complete for CME140_s_5_export.fastq
    command finished
  * executing "/mnt/work/FastQC/fastqc --outdir /mnt/data /mnt/data/D4_H3K9ac_CME141_s_6_export.fastq"
    servers: ["ec2-79-125-85-204.eu-west-1.compute.amazonaws.com"]
    [ec2-79-125-85-204.eu-west-1.compute.amazonaws.com] executing command
 ** [out :: ec2-79-125-85-204.eu-west-1.compute.amazonaws.com] Processing D4_H3K9ac_CME141_s_6_export.fastq
 ** [out :: ec2-79-125-85-204.eu-west-1.compute.amazonaws.com] 
*** [err :: ec2-79-125-85-204.eu-west-1.compute.amazonaws.com] Approx 5% complete for D4_H3K9ac_CME141_s_6_export.fastq
*** [err :: ec2-79-125-85-204.eu-west-1.compute.amazonaws.com] Approx 10% complete for D4_H3K9ac_CME141_s_6_export.fastq
*** [err :: ec2-79-125-85-204.eu-west-1.compute.amazonaws.com] Approx 15% complete for D4_H3K9ac_CME141_s_6_export.fastq
*** [err :: ec2-79-125-85-204.eu-west-1.compute.amazonaws.com] Approx 20% complete for D4_H3K9ac_CME141_s_6_export.fastq
*** [err :: ec2-79-125-85-204.eu-west-1.compute.amazonaws.com] Approx 25% complete for D4_H3K9ac_CME141_s_6_export.fastq
*** [err :: ec2-79-125-85-204.eu-west-1.compute.amazonaws.com] Approx 30% complete for D4_H3K9ac_CME141_s_6_export.fastq
*** [err :: ec2-79-125-85-204.eu-west-1.compute.amazonaws.com] Approx 35% complete for D4_H3K9ac_CME141_s_6_export.fastq
*** [err :: ec2-79-125-85-204.eu-west-1.compute.amazonaws.com] Approx 40% complete for D4_H3K9ac_CME141_s_6_export.fastq
*** [err :: ec2-79-125-85-204.eu-west-1.compute.amazonaws.com] Approx 45% complete for D4_H3K9ac_CME141_s_6_export.fastq
*** [err :: ec2-79-125-85-204.eu-west-1.compute.amazonaws.com] Approx 50% complete for D4_H3K9ac_CME141_s_6_export.fastq
*** [err :: ec2-79-125-85-204.eu-west-1.compute.amazonaws.com] Approx 55% complete for D4_H3K9ac_CME141_s_6_export.fastq
*** [err :: ec2-79-125-85-204.eu-west-1.compute.amazonaws.com] Approx 60% complete for D4_H3K9ac_CME141_s_6_export.fastq
*** [err :: ec2-79-125-85-204.eu-west-1.compute.amazonaws.com] Approx 65% complete for D4_H3K9ac_CME141_s_6_export.fastq
*** [err :: ec2-79-125-85-204.eu-west-1.compute.amazonaws.com] Approx 70% complete for D4_H3K9ac_CME141_s_6_export.fastq
*** [err :: ec2-79-125-85-204.eu-west-1.compute.amazonaws.com] Approx 75% complete for D4_H3K9ac_CME141_s_6_export.fastq
*** [err :: ec2-79-125-85-204.eu-west-1.compute.amazonaws.com] Approx 80% complete for D4_H3K9ac_CME141_s_6_export.fastq
*** [err :: ec2-79-125-85-204.eu-west-1.compute.amazonaws.com] Approx 85% complete for D4_H3K9ac_CME141_s_6_export.fastq
*** [err :: ec2-79-125-85-204.eu-west-1.compute.amazonaws.com] Approx 90% complete for D4_H3K9ac_CME141_s_6_export.fastq
*** [err :: ec2-79-125-85-204.eu-west-1.compute.amazonaws.com] Approx 95% complete for D4_H3K9ac_CME141_s_6_export.fastq
*** [err :: ec2-79-125-85-204.eu-west-1.compute.amazonaws.com] Approx 100% complete for D4_H3K9ac_CME141_s_6_export.fastq
*** [err :: ec2-79-125-85-204.eu-west-1.compute.amazonaws.com] It seems our guess for the total number of records wasn't very good.  Sorry about that.
*** [err :: ec2-79-125-85-204.eu-west-1.compute.amazonaws.com] Still going at 105% complete for D4_H3K9ac_CME141_s_6_export.fastq
*** [err :: ec2-79-125-85-204.eu-west-1.compute.amazonaws.com] Still going at 110% complete for D4_H3K9ac_CME141_s_6_export.fastq
*** [err :: ec2-79-125-85-204.eu-west-1.compute.amazonaws.com] Still going at 115% complete for D4_H3K9ac_CME141_s_6_export.fastq
*** [err :: ec2-79-125-85-204.eu-west-1.compute.amazonaws.com] Still going at 120% complete for D4_H3K9ac_CME141_s_6_export.fastq
    command finished
  * executing "/mnt/work/FastQC/fastqc --outdir /mnt/data /mnt/data/FloResCre_C18_H4ac_CME117_s_2_export.fastq"
    servers: ["ec2-79-125-85-204.eu-west-1.compute.amazonaws.com"]
    [ec2-79-125-85-204.eu-west-1.compute.amazonaws.com] executing command
 ** [out :: ec2-79-125-85-204.eu-west-1.compute.amazonaws.com] Processing FloResCre_C18_H4ac_CME117_s_2_export.fastq
 ** [out :: ec2-79-125-85-204.eu-west-1.compute.amazonaws.com] 
*** [err :: ec2-79-125-85-204.eu-west-1.compute.amazonaws.com] Approx 5% complete for FloResCre_C18_H4ac_CME117_s_2_export.fastq
*** [err :: ec2-79-125-85-204.eu-west-1.compute.amazonaws.com] Approx 10% complete for FloResCre_C18_H4ac_CME117_s_2_export.fastq
*** [err :: ec2-79-125-85-204.eu-west-1.compute.amazonaws.com] Approx 15% complete for FloResCre_C18_H4ac_CME117_s_2_export.fastq
*** [err :: ec2-79-125-85-204.eu-west-1.compute.amazonaws.com] Approx 20% complete for FloResCre_C18_H4ac_CME117_s_2_export.fastq
*** [err :: ec2-79-125-85-204.eu-west-1.compute.amazonaws.com] Approx 25% complete for FloResCre_C18_H4ac_CME117_s_2_export.fastq
*** [err :: ec2-79-125-85-204.eu-west-1.compute.amazonaws.com] Approx 30% complete for FloResCre_C18_H4ac_CME117_s_2_export.fastq
*** [err :: ec2-79-125-85-204.eu-west-1.compute.amazonaws.com] Approx 35% complete for FloResCre_C18_H4ac_CME117_s_2_export.fastq
*** [err :: ec2-79-125-85-204.eu-west-1.compute.amazonaws.com] Approx 40% complete for FloResCre_C18_H4ac_CME117_s_2_export.fastq
*** [err :: ec2-79-125-85-204.eu-west-1.compute.amazonaws.com] Approx 45% complete for FloResCre_C18_H4ac_CME117_s_2_export.fastq
*** [err :: ec2-79-125-85-204.eu-west-1.compute.amazonaws.com] Approx 50% complete for FloResCre_C18_H4ac_CME117_s_2_export.fastq
*** [err :: ec2-79-125-85-204.eu-west-1.compute.amazonaws.com] Approx 55% complete for FloResCre_C18_H4ac_CME117_s_2_export.fastq
*** [err :: ec2-79-125-85-204.eu-west-1.compute.amazonaws.com] Approx 60% complete for FloResCre_C18_H4ac_CME117_s_2_export.fastq
*** [err :: ec2-79-125-85-204.eu-west-1.compute.amazonaws.com] Approx 65% complete for FloResCre_C18_H4ac_CME117_s_2_export.fastq
*** [err :: ec2-79-125-85-204.eu-west-1.compute.amazonaws.com] Approx 70% complete for FloResCre_C18_H4ac_CME117_s_2_export.fastq
*** [err :: ec2-79-125-85-204.eu-west-1.compute.amazonaws.com] Approx 75% complete for FloResCre_C18_H4ac_CME117_s_2_export.fastq
*** [err :: ec2-79-125-85-204.eu-west-1.compute.amazonaws.com] Approx 80% complete for FloResCre_C18_H4ac_CME117_s_2_export.fastq
*** [err :: ec2-79-125-85-204.eu-west-1.compute.amazonaws.com] Approx 85% complete for FloResCre_C18_H4ac_CME117_s_2_export.fastq
*** [err :: ec2-79-125-85-204.eu-west-1.compute.amazonaws.com] Approx 90% complete for FloResCre_C18_H4ac_CME117_s_2_export.fastq
*** [err :: ec2-79-125-85-204.eu-west-1.compute.amazonaws.com] Approx 95% complete for FloResCre_C18_H4ac_CME117_s_2_export.fastq
*** [err :: ec2-79-125-85-204.eu-west-1.compute.amazonaws.com] Approx 100% complete for FloResCre_C18_H4ac_CME117_s_2_export.fastq
*** [err :: ec2-79-125-85-204.eu-west-1.compute.amazonaws.com] It seems our guess for the total number of records wasn't very good.  Sorry about that.
*** [err :: ec2-79-125-85-204.eu-west-1.compute.amazonaws.com] Still going at 105% complete for FloResCre_C18_H4ac_CME117_s_2_export.fastq
*** [err :: ec2-79-125-85-204.eu-west-1.compute.amazonaws.com] 
*** [err :: ec2-79-125-85-204.eu-west-1.compute.amazonaws.com] Still going at 110% complete for FloResCre_C18_H4ac_CME117_s_2_export.fastq
*** [err :: ec2-79-125-85-204.eu-west-1.compute.amazonaws.com] Still going at 115% complete for FloResCre_C18_H4ac_CME117_s_2_export.fastq
*** [err :: ec2-79-125-85-204.eu-west-1.compute.amazonaws.com] Still going at 120% complete for FloResCre_C18_H4ac_CME117_s_2_export.fastq
    command finished
  * executing "/mnt/work/FastQC/fastqc --outdir /mnt/data /mnt/data/FloResCre_C18_Input_CME116_s_5_export.fastq"
    servers: ["ec2-79-125-85-204.eu-west-1.compute.amazonaws.com"]
    [ec2-79-125-85-204.eu-west-1.compute.amazonaws.com] executing command
 ** [out :: ec2-79-125-85-204.eu-west-1.compute.amazonaws.com] Processing FloResCre_C18_Input_CME116_s_5_export.fastq
 ** [out :: ec2-79-125-85-204.eu-west-1.compute.amazonaws.com] 
*** [err :: ec2-79-125-85-204.eu-west-1.compute.amazonaws.com] Approx 5% complete for FloResCre_C18_Input_CME116_s_5_export.fastq
*** [err :: ec2-79-125-85-204.eu-west-1.compute.amazonaws.com] Approx 10% complete for FloResCre_C18_Input_CME116_s_5_export.fastq
*** [err :: ec2-79-125-85-204.eu-west-1.compute.amazonaws.com] Approx 15% complete for FloResCre_C18_Input_CME116_s_5_export.fastq
*** [err :: ec2-79-125-85-204.eu-west-1.compute.amazonaws.com] 
*** [err :: ec2-79-125-85-204.eu-west-1.compute.amazonaws.com] Approx 20% complete for FloResCre_C18_Input_CME116_s_5_export.fastq
*** [err :: ec2-79-125-85-204.eu-west-1.compute.amazonaws.com] Approx 25% complete for FloResCre_C18_Input_CME116_s_5_export.fastq
*** [err :: ec2-79-125-85-204.eu-west-1.compute.amazonaws.com] Approx 30% complete for FloResCre_C18_Input_CME116_s_5_export.fastq
*** [err :: ec2-79-125-85-204.eu-west-1.compute.amazonaws.com] Approx 35% complete for FloResCre_C18_Input_CME116_s_5_export.fastq
*** [err :: ec2-79-125-85-204.eu-west-1.compute.amazonaws.com] Approx 40% complete for FloResCre_C18_Input_CME116_s_5_export.fastq
*** [err :: ec2-79-125-85-204.eu-west-1.compute.amazonaws.com] Approx 45% complete for FloResCre_C18_Input_CME116_s_5_export.fastq
*** [err :: ec2-79-125-85-204.eu-west-1.compute.amazonaws.com] Approx 50% complete for FloResCre_C18_Input_CME116_s_5_export.fastq
*** [err :: ec2-79-125-85-204.eu-west-1.compute.amazonaws.com] Approx 55% complete for FloResCre_C18_Input_CME116_s_5_export.fastq
*** [err :: ec2-79-125-85-204.eu-west-1.compute.amazonaws.com] Approx 60% complete for FloResCre_C18_Input_CME116_s_5_export.fastq
*** [err :: ec2-79-125-85-204.eu-west-1.compute.amazonaws.com] Approx 65% complete for FloResCre_C18_Input_CME116_s_5_export.fastq
*** [err :: ec2-79-125-85-204.eu-west-1.compute.amazonaws.com] Approx 70% complete for FloResCre_C18_Input_CME116_s_5_export.fastq
*** [err :: ec2-79-125-85-204.eu-west-1.compute.amazonaws.com] Approx 75% complete for FloResCre_C18_Input_CME116_s_5_export.fastq
*** [err :: ec2-79-125-85-204.eu-west-1.compute.amazonaws.com] Approx 80% complete for FloResCre_C18_Input_CME116_s_5_export.fastq
*** [err :: ec2-79-125-85-204.eu-west-1.compute.amazonaws.com] Approx 85% complete for FloResCre_C18_Input_CME116_s_5_export.fastq
*** [err :: ec2-79-125-85-204.eu-west-1.compute.amazonaws.com] Approx 90% complete for FloResCre_C18_Input_CME116_s_5_export.fastq
*** [err :: ec2-79-125-85-204.eu-west-1.compute.amazonaws.com] Approx 95% complete for FloResCre_C18_Input_CME116_s_5_export.fastq
*** [err :: ec2-79-125-85-204.eu-west-1.compute.amazonaws.com] Approx 100% complete for FloResCre_C18_Input_CME116_s_5_export.fastq
*** [err :: ec2-79-125-85-204.eu-west-1.compute.amazonaws.com] It seems our guess for the total number of records wasn't very good.  Sorry about that.
*** [err :: ec2-79-125-85-204.eu-west-1.compute.amazonaws.com] Still going at 105% complete for FloResCre_C18_Input_CME116_s_5_export.fastq
*** [err :: ec2-79-125-85-204.eu-west-1.compute.amazonaws.com] Still going at 110% complete for FloResCre_C18_Input_CME116_s_5_export.fastq
*** [err :: ec2-79-125-85-204.eu-west-1.compute.amazonaws.com] Still going at 115% complete for FloResCre_C18_Input_CME116_s_5_export.fastq
*** [err :: ec2-79-125-85-204.eu-west-1.compute.amazonaws.com] Still going at 120% complete for FloResCre_C18_Input_CME116_s_5_export.fastq
    command finished
  * executing "/mnt/work/FastQC/fastqc --outdir /mnt/data /mnt/data/FloRes_H4acs_CME118_3_export.fastq"
    servers: ["ec2-79-125-85-204.eu-west-1.compute.amazonaws.com"]
    [ec2-79-125-85-204.eu-west-1.compute.amazonaws.com] executing command
 ** [out :: ec2-79-125-85-204.eu-west-1.compute.amazonaws.com] Processing FloRes_H4acs_CME118_3_export.fastq
 ** [out :: ec2-79-125-85-204.eu-west-1.compute.amazonaws.com] 
*** [err :: ec2-79-125-85-204.eu-west-1.compute.amazonaws.com] Approx 5% complete for FloRes_H4acs_CME118_3_export.fastq
*** [err :: ec2-79-125-85-204.eu-west-1.compute.amazonaws.com] Approx 10% complete for FloRes_H4acs_CME118_3_export.fastq
*** [err :: ec2-79-125-85-204.eu-west-1.compute.amazonaws.com] Approx 15% complete for FloRes_H4acs_CME118_3_export.fastq
*** [err :: ec2-79-125-85-204.eu-west-1.compute.amazonaws.com] Approx 20% complete for FloRes_H4acs_CME118_3_export.fastq
*** [err :: ec2-79-125-85-204.eu-west-1.compute.amazonaws.com] Approx 25% complete for FloRes_H4acs_CME118_3_export.fastq
*** [err :: ec2-79-125-85-204.eu-west-1.compute.amazonaws.com] Approx 30% complete for FloRes_H4acs_CME118_3_export.fastq
*** [err :: ec2-79-125-85-204.eu-west-1.compute.amazonaws.com] Approx 35% complete for FloRes_H4acs_CME118_3_export.fastq
*** [err :: ec2-79-125-85-204.eu-west-1.compute.amazonaws.com] Approx 40% complete for FloRes_H4acs_CME118_3_export.fastq
*** [err :: ec2-79-125-85-204.eu-west-1.compute.amazonaws.com] Approx 45% complete for FloRes_H4acs_CME118_3_export.fastq
*** [err :: ec2-79-125-85-204.eu-west-1.compute.amazonaws.com] 
*** [err :: ec2-79-125-85-204.eu-west-1.compute.amazonaws.com] Approx 50% complete for FloRes_H4acs_CME118_3_export.fastq
*** [err :: ec2-79-125-85-204.eu-west-1.compute.amazonaws.com] Approx 55% complete for FloRes_H4acs_CME118_3_export.fastq
*** [err :: ec2-79-125-85-204.eu-west-1.compute.amazonaws.com] Approx 60% complete for FloRes_H4acs_CME118_3_export.fastq
*** [err :: ec2-79-125-85-204.eu-west-1.compute.amazonaws.com] Approx 65% complete for FloRes_H4acs_CME118_3_export.fastq
*** [err :: ec2-79-125-85-204.eu-west-1.compute.amazonaws.com] Approx 70% complete for FloRes_H4acs_CME118_3_export.fastq
*** [err :: ec2-79-125-85-204.eu-west-1.compute.amazonaws.com] Approx 75% complete for FloRes_H4acs_CME118_3_export.fastq
*** [err :: ec2-79-125-85-204.eu-west-1.compute.amazonaws.com] Approx 80% complete for FloRes_H4acs_CME118_3_export.fastq
*** [err :: ec2-79-125-85-204.eu-west-1.compute.amazonaws.com] Approx 85% complete for FloRes_H4acs_CME118_3_export.fastq
*** [err :: ec2-79-125-85-204.eu-west-1.compute.amazonaws.com] Approx 90% complete for FloRes_H4acs_CME118_3_export.fastq
*** [err :: ec2-79-125-85-204.eu-west-1.compute.amazonaws.com] Approx 95% complete for FloRes_H4acs_CME118_3_export.fastq
*** [err :: ec2-79-125-85-204.eu-west-1.compute.amazonaws.com] Approx 100% complete for FloRes_H4acs_CME118_3_export.fastq
*** [err :: ec2-79-125-85-204.eu-west-1.compute.amazonaws.com] It seems our guess for the total number of records wasn't very good.  Sorry about that.
*** [err :: ec2-79-125-85-204.eu-west-1.compute.amazonaws.com] Still going at 105% complete for FloRes_H4acs_CME118_3_export.fastq
*** [err :: ec2-79-125-85-204.eu-west-1.compute.amazonaws.com] Still going at 110% complete for FloRes_H4acs_CME118_3_export.fastq
*** [err :: ec2-79-125-85-204.eu-west-1.compute.amazonaws.com] Still going at 115% complete for FloRes_H4acs_CME118_3_export.fastq
    command finished
/usr/local/lib/ruby/gems/1.9.1/gems/capistrano-2.5.19/lib/capistrano/configuration/callbacks.rb:1:in `require': Interrupt
	from /usr/local/lib/ruby/gems/1.9.1/gems/capistrano-2.5.19/lib/capistrano/configuration/callbacks.rb:1:in `<top (required)>'
	from /usr/local/lib/ruby/gems/1.9.1/gems/capistrano-2.5.19/lib/capistrano/configuration.rb:3:in `require'
	from /usr/local/lib/ruby/gems/1.9.1/gems/capistrano-2.5.19/lib/capistrano/configuration.rb:3:in `<top (required)>'
	from /usr/local/lib/ruby/gems/1.9.1/gems/capistrano-2.5.19/lib/capistrano.rb:1:in `require'
	from /usr/local/lib/ruby/gems/1.9.1/gems/capistrano-2.5.19/lib/capistrano.rb:1:in `<top (required)>'
	from /usr/local/lib/ruby/gems/1.9.1/gems/capistrano-2.5.19/lib/capistrano/cli.rb:1:in `require'
	from /usr/local/lib/ruby/gems/1.9.1/gems/capistrano-2.5.19/lib/capistrano/cli.rb:1:in `<top (required)>'
	from /usr/local/lib/ruby/gems/1.9.1/gems/capistrano-2.5.19/bin/cap:3:in `require'
	from /usr/local/lib/ruby/gems/1.9.1/gems/capistrano-2.5.19/bin/cap:3:in `<top (required)>'
	from /usr/local/bin/cap:19:in `load'
	from /usr/local/bin/cap:19:in `<main>'
  * executing `run_bowtie'
    triggering before callbacks for `run_bowtie'
  * executing `EC2:start'
I, [2011-01-24T10:49:49.135426 #11230]  INFO -- : New RightAws::Ec2 using shared connections mode
I, [2011-01-24T10:49:49.137725 #11230]  INFO -- : Opening new HTTPS connection to eu-west-1.ec2.amazonaws.com:443
W, [2011-01-24T10:49:49.260375 #11230]  WARN -- : ##### RightAws::Ec2 returned an error: 400 Bad Request
<?xml version="1.0" encoding="UTF-8"?>
<Response><Errors><Error><Code>InvalidGroup.Duplicate</Code><Message>The security group 'CaTPAWS_FloResCre_ChIPseq' already exists</Message></Error></Errors><RequestID>0c954f2c-cc04-4d2e-8746-90ffc1393299</RequestID></Response> #####
W, [2011-01-24T10:49:49.260471 #11230]  WARN -- : ##### RightAws::Ec2 request: https://eu-west-1.ec2.amazonaws.com:443/?AWSAccessKeyId=16F5AHH5HWR243WSNMR2&Action=CreateSecurityGroup&GroupDescription=A%20group%20created%20by%20CaTPAWS%20%28http%3A%2F%2Fgithub.com%2Fcassj%2Fcatpaws%29&GroupName=CaTPAWS_FloResCre_ChIPseq&SignatureMethod=HmacSHA256&SignatureVersion=2&Timestamp=2011-01-24T10%3A49%3A49.000Z&Version=2009-11-30&Signature=kRLH4NqLIPb3mQKdqUbH%2FSCWQsMnHQS2Oo8WVYVaeq0%3D ####
    triggering after callbacks for `EC2:start'
  * executing `EC2:setup'
  * executing "sudo -p 'sudo password: ' mkdir -p /mnt/work"
    servers: ["ec2-79-125-85-204.eu-west-1.compute.amazonaws.com"]
    [ec2-79-125-85-204.eu-west-1.compute.amazonaws.com] executing command
    command finished
  * executing "sudo -p 'sudo password: ' chown -R ubuntu /mnt/work"
    servers: ["ec2-79-125-85-204.eu-west-1.compute.amazonaws.com"]
    [ec2-79-125-85-204.eu-west-1.compute.amazonaws.com] executing command
    command finished
  * executing "ls /mnt/data/*.fastq"
    servers: ["ec2-79-125-85-204.eu-west-1.compute.amazonaws.com"]
    [ec2-79-125-85-204.eu-west-1.compute.amazonaws.com] executing command
    command finished
  * executing "/mnt/work/bowtie-0.12.7/bowtie --sam -k1 -l15 -n1 -m3 -p20 --solexa1.3-quals  -q mm9 /mnt/data/C18_H3K9ac_CME143_s_8_export.fastq --al /mnt/data/C18_H3K9ac_CME143_s_8_export.sam >> /mnt/data/bowtieoutfile.txt"
    servers: ["ec2-79-125-85-204.eu-west-1.compute.amazonaws.com"]
    [ec2-79-125-85-204.eu-west-1.compute.amazonaws.com] executing command
    command finished
failed: "sh -c '/mnt/work/bowtie-0.12.7/bowtie --sam -k1 -l15 -n1 -m3 -p20 --solexa1.3-quals  -q mm9 /mnt/data/C18_H3K9ac_CME143_s_8_export.fastq --al /mnt/data/C18_H3K9ac_CME143_s_8_export.sam >> /mnt/data/bowtieoutfile.txt'" on ec2-79-125-85-204.eu-west-1.compute.amazonaws.com
  * executing `run_bowtie'
    triggering before callbacks for `run_bowtie'
  * executing `EC2:start'
I, [2011-01-24T15:22:52.829593 #20865]  INFO -- : New RightAws::Ec2 using shared connections mode
I, [2011-01-24T15:22:52.831799 #20865]  INFO -- : Opening new HTTPS connection to eu-west-1.ec2.amazonaws.com:443
W, [2011-01-24T15:22:52.945764 #20865]  WARN -- : ##### RightAws::Ec2 returned an error: 400 Bad Request
<?xml version="1.0" encoding="UTF-8"?>
<Response><Errors><Error><Code>InvalidGroup.Duplicate</Code><Message>The security group 'CaTPAWS_FloResCre_ChIPseq' already exists</Message></Error></Errors><RequestID>03d16ab4-2340-4340-8e77-fa163d42c398</RequestID></Response> #####
W, [2011-01-24T15:22:52.946002 #20865]  WARN -- : ##### RightAws::Ec2 request: https://eu-west-1.ec2.amazonaws.com:443/?AWSAccessKeyId=16F5AHH5HWR243WSNMR2&Action=CreateSecurityGroup&GroupDescription=A%20group%20created%20by%20CaTPAWS%20%28http%3A%2F%2Fgithub.com%2Fcassj%2Fcatpaws%29&GroupName=CaTPAWS_FloResCre_ChIPseq&SignatureMethod=HmacSHA256&SignatureVersion=2&Timestamp=2011-01-24T15%3A22%3A52.000Z&Version=2009-11-30&Signature=6vc8tJqUYQ3x3DOWjkqZrIFPcSXqc8xmN4Wu5LTd%2Byk%3D ####
I, [2011-01-24T15:22:52.955526 #20865]  INFO -- : Closing HTTPS connection to eu-west-1.ec2.amazonaws.com:443, reason: 'RightAws::AWSErrorHandler: code: 400: 'Bad Request', probability: 10%'
I, [2011-01-24T15:22:52.957089 #20865]  INFO -- : Opening new HTTPS connection to eu-west-1.ec2.amazonaws.com:443
    triggering after callbacks for `EC2:start'
  * executing `EC2:setup'
  * executing "sudo -p 'sudo password: ' mkdir -p /mnt/work"
    servers: ["ec2-79-125-85-204.eu-west-1.compute.amazonaws.com"]
    [ec2-79-125-85-204.eu-west-1.compute.amazonaws.com] executing command
    command finished
  * executing "sudo -p 'sudo password: ' chown -R ubuntu /mnt/work"
    servers: ["ec2-79-125-85-204.eu-west-1.compute.amazonaws.com"]
    [ec2-79-125-85-204.eu-west-1.compute.amazonaws.com] executing command
    command finished
  * executing "ls /mnt/data/*.fastq"
    servers: ["ec2-79-125-85-204.eu-west-1.compute.amazonaws.com"]
    [ec2-79-125-85-204.eu-west-1.compute.amazonaws.com] executing command
    command finished
  * executing "/mnt/work/bowtie-0.12.7/bowtie --sam -k1 -l15 -n1 -m3 -p20 --solexa1.3-quals  -q mm9 /mnt/data/C18_H3K9ac_CME143_s_8_export.fastq --quiet > /mnt/data/C18_H3K9ac_CME143_s_8_export.sam"
    servers: ["ec2-79-125-85-204.eu-west-1.compute.amazonaws.com"]
    [ec2-79-125-85-204.eu-west-1.compute.amazonaws.com] executing command
    command finished
  * executing "/mnt/work/bowtie-0.12.7/bowtie --sam -k1 -l15 -n1 -m3 -p20 --solexa1.3-quals  -q mm9 /mnt/data/C18_input_CME142_s_7_export.fastq --quiet > /mnt/data/C18_input_CME142_s_7_export.sam"
    servers: ["ec2-79-125-85-204.eu-west-1.compute.amazonaws.com"]
    [ec2-79-125-85-204.eu-west-1.compute.amazonaws.com] executing command
    command finished
  * executing "/mnt/work/bowtie-0.12.7/bowtie --sam -k1 -l15 -n1 -m3 -p20 --solexa1.3-quals  -q mm9 /mnt/data/CME140_s_5_export.fastq --quiet > /mnt/data/CME140_s_5_export.sam"
    servers: ["ec2-79-125-85-204.eu-west-1.compute.amazonaws.com"]
    [ec2-79-125-85-204.eu-west-1.compute.amazonaws.com] executing command
    command finished
  * executing "/mnt/work/bowtie-0.12.7/bowtie --sam -k1 -l15 -n1 -m3 -p20 --solexa1.3-quals  -q mm9 /mnt/data/D4_H3K9ac_CME141_s_6_export.fastq --quiet > /mnt/data/D4_H3K9ac_CME141_s_6_export.sam"
    servers: ["ec2-79-125-85-204.eu-west-1.compute.amazonaws.com"]
    [ec2-79-125-85-204.eu-west-1.compute.amazonaws.com] executing command
    command finished
  * executing "/mnt/work/bowtie-0.12.7/bowtie --sam -k1 -l15 -n1 -m3 -p20 --solexa1.3-quals  -q mm9 /mnt/data/FloResCre_C18_H4ac_CME117_s_2_export.fastq --quiet > /mnt/data/FloResCre_C18_H4ac_CME117_s_2_export.sam"
    servers: ["ec2-79-125-85-204.eu-west-1.compute.amazonaws.com"]
    [ec2-79-125-85-204.eu-west-1.compute.amazonaws.com] executing command
    command finished
  * executing "/mnt/work/bowtie-0.12.7/bowtie --sam -k1 -l15 -n1 -m3 -p20 --solexa1.3-quals  -q mm9 /mnt/data/FloResCre_C18_Input_CME116_s_5_export.fastq --quiet > /mnt/data/FloResCre_C18_Input_CME116_s_5_export.sam"
    servers: ["ec2-79-125-85-204.eu-west-1.compute.amazonaws.com"]
    [ec2-79-125-85-204.eu-west-1.compute.amazonaws.com] executing command
    command finished
  * executing "/mnt/work/bowtie-0.12.7/bowtie --sam -k1 -l15 -n1 -m3 -p20 --solexa1.3-quals  -q mm9 /mnt/data/FloRes_H4acs_CME118_3_export.fastq --quiet > /mnt/data/FloRes_H4acs_CME118_3_export.sam"
    servers: ["ec2-79-125-85-204.eu-west-1.compute.amazonaws.com"]
    [ec2-79-125-85-204.eu-west-1.compute.amazonaws.com] executing command
    command finished
  * executing `to_bam'
    triggering before callbacks for `to_bam'
  * executing `EC2:start'
I, [2011-01-25T09:53:12.278063 #28623]  INFO -- : New RightAws::Ec2 using shared connections mode
I, [2011-01-25T09:53:12.280425 #28623]  INFO -- : Opening new HTTPS connection to eu-west-1.ec2.amazonaws.com:443
W, [2011-01-25T09:53:12.391078 #28623]  WARN -- : ##### RightAws::Ec2 returned an error: 400 Bad Request
<?xml version="1.0" encoding="UTF-8"?>
<Response><Errors><Error><Code>InvalidGroup.Duplicate</Code><Message>The security group 'CaTPAWS_FloResCre_ChIPseq' already exists</Message></Error></Errors><RequestID>682e258c-e572-4a04-ab48-ba2b80af390f</RequestID></Response> #####
W, [2011-01-25T09:53:12.391154 #28623]  WARN -- : ##### RightAws::Ec2 request: https://eu-west-1.ec2.amazonaws.com:443/?AWSAccessKeyId=16F5AHH5HWR243WSNMR2&Action=CreateSecurityGroup&GroupDescription=A%20group%20created%20by%20CaTPAWS%20%28http%3A%2F%2Fgithub.com%2Fcassj%2Fcatpaws%29&GroupName=CaTPAWS_FloResCre_ChIPseq&SignatureMethod=HmacSHA256&SignatureVersion=2&Timestamp=2011-01-25T09%3A53%3A12.000Z&Version=2009-11-30&Signature=ZuVC3pLzbqc0%2B1bKWG8CxgJsINIqmFXLcGkd7t22LQA%3D ####
    triggering after callbacks for `EC2:start'
  * executing `EC2:setup'
  * executing "sudo -p 'sudo password: ' mkdir -p /mnt/work"
    servers: ["ec2-79-125-85-204.eu-west-1.compute.amazonaws.com"]
    [ec2-79-125-85-204.eu-west-1.compute.amazonaws.com] executing command
    command finished
  * executing "sudo -p 'sudo password: ' chown -R ubuntu /mnt/work"
    servers: ["ec2-79-125-85-204.eu-west-1.compute.amazonaws.com"]
    [ec2-79-125-85-204.eu-west-1.compute.amazonaws.com] executing command
    command finished
  * executing "curl 'http://github.com/cassj/my_bioinfo_scripts/raw/master/genomes/mm9_lengths' > /mnt/work/mm9_lengths"
    servers: ["ec2-79-125-85-204.eu-west-1.compute.amazonaws.com"]
    [ec2-79-125-85-204.eu-west-1.compute.amazonaws.com] executing command
*** [err :: ec2-79-125-85-204.eu-west-1.compute.amazonaws.com] % Total
*** [err :: ec2-79-125-85-204.eu-west-1.compute.amazonaws.com] % Received %
*** [err :: ec2-79-125-85-204.eu-west-1.compute.amazonaws.com] Xferd  Average Spee
*** [err :: ec2-79-125-85-204.eu-west-1.compute.amazonaws.com] d   Time    T
*** [err :: ec2-79-125-85-204.eu-west-1.compute.amazonaws.com] ime     Time  C
*** [err :: ec2-79-125-85-204.eu-west-1.compute.amazonaws.com] urrent
*** [err :: ec2-79-125-85-204.eu-west-1.compute.amazonaws.com] 
*** [err :: ec2-79-125-85-204.eu-west-1.compute.amazonaws.com] 
*** [err :: ec2-79-125-85-204.eu-west-1.compute.amazonaws.com] D
*** [err :: ec2-79-125-85-204.eu-west-1.compute.amazonaws.com] load  Uploa
*** [err :: ec2-79-125-85-204.eu-west-1.compute.amazonaws.com] d
*** [err :: ec2-79-125-85-204.eu-west-1.compute.amazonaws.com] Total
*** [err :: ec2-79-125-85-204.eu-west-1.compute.amazonaws.com] Spent
*** [err :: ec2-79-125-85-204.eu-west-1.compute.amazonaws.com] Lef
*** [err :: ec2-79-125-85-204.eu-west-1.compute.amazonaws.com] t  Spee
*** [err :: ec2-79-125-85-204.eu-west-1.compute.amazonaws.com] d
*** [err :: ec2-79-125-85-204.eu-west-1.compute.amazonaws.com] 
*** [err :: ec2-79-125-85-204.eu-west-1.compute.amazonaws.com] 0
*** [err :: ec2-79-125-85-204.eu-west-1.compute.amazonaws.com] 0    0
*** [err :: ec2-79-125-85-204.eu-west-1.compute.amazonaws.com] 0
*** [err :: ec2-79-125-85-204.eu-west-1.compute.amazonaws.com] 0
*** [err :: ec2-79-125-85-204.eu-west-1.compute.amazonaws.com] 0
*** [err :: ec2-79-125-85-204.eu-west-1.compute.amazonaws.com] 0
*** [err :: ec2-79-125-85-204.eu-west-1.compute.amazonaws.com] 0 --:
*** [err :: ec2-79-125-85-204.eu-west-1.compute.amazonaws.com] --:-- -
*** [err :: ec2-79-125-85-204.eu-west-1.compute.amazonaws.com] -:--:--
*** [err :: ec2-79-125-85-204.eu-west-1.compute.amazonaws.com] --:--:
*** [err :: ec2-79-125-85-204.eu-west-1.compute.amazonaws.com] --
*** [err :: ec2-79-125-85-204.eu-west-1.compute.amazonaws.com] 0
*** [err :: ec2-79-125-85-204.eu-west-1.compute.amazonaws.com] 185
*** [err :: ec2-79-125-85-204.eu-west-1.compute.amazonaws.com] 185  1
*** [err :: ec2-79-125-85-204.eu-west-1.compute.amazonaws.com] 85   185    0
*** [err :: ec2-79-125-85-204.eu-west-1.compute.amazonaws.com] 0    959
*** [err :: ec2-79-125-85-204.eu-west-1.compute.amazonaws.com] 0 --:--:--
*** [err :: ec2-79-125-85-204.eu-west-1.compute.amazonaws.com] --:--:-- --:--:-
*** [err :: ec2-79-125-85-204.eu-west-1.compute.amazonaws.com] -  1927
    command finished
  * executing "ls /mnt/data"
    servers: ["ec2-79-125-85-204.eu-west-1.compute.amazonaws.com"]
    [ec2-79-125-85-204.eu-west-1.compute.amazonaws.com] executing command
    command finished
  * executing "samtools view -bt /mnt/work/mm9_lengths -o /mnt/data/C18_H3K9ac_CME143_s_8_export.bam /mnt/data/C18_H3K9ac_CME143_s_8_export.sam"
    servers: ["ec2-79-125-85-204.eu-west-1.compute.amazonaws.com"]
    [ec2-79-125-85-204.eu-west-1.compute.amazonaws.com] executing command
*** [err :: ec2-79-125-85-204.eu-west-1.compute.amazonaws.com] [samopen] SAM header is present: 22 sequences.
    command finished
  * executing "samtools view -bt /mnt/work/mm9_lengths -o /mnt/data/C18_input_CME142_s_7_export.bam /mnt/data/C18_input_CME142_s_7_export.sam"
    servers: ["ec2-79-125-85-204.eu-west-1.compute.amazonaws.com"]
    [ec2-79-125-85-204.eu-west-1.compute.amazonaws.com] executing command
*** [err :: ec2-79-125-85-204.eu-west-1.compute.amazonaws.com] [samopen] SAM header is present: 22 sequences.
    command finished
  * executing "samtools view -bt /mnt/work/mm9_lengths -o /mnt/data/CME140_s_5_export.bam /mnt/data/CME140_s_5_export.sam"
    servers: ["ec2-79-125-85-204.eu-west-1.compute.amazonaws.com"]
    [ec2-79-125-85-204.eu-west-1.compute.amazonaws.com] executing command
*** [err :: ec2-79-125-85-204.eu-west-1.compute.amazonaws.com] [samopen] SAM header is present: 22 sequences.
    command finished
  * executing "samtools view -bt /mnt/work/mm9_lengths -o /mnt/data/D4_H3K9ac_CME141_s_6_export.bam /mnt/data/D4_H3K9ac_CME141_s_6_export.sam"
    servers: ["ec2-79-125-85-204.eu-west-1.compute.amazonaws.com"]
    [ec2-79-125-85-204.eu-west-1.compute.amazonaws.com] executing command
*** [err :: ec2-79-125-85-204.eu-west-1.compute.amazonaws.com] [samopen] SAM header is present: 22 sequences.
    command finished
  * executing "samtools view -bt /mnt/work/mm9_lengths -o /mnt/data/FloResCre_C18_H4ac_CME117_s_2_export.bam /mnt/data/FloResCre_C18_H4ac_CME117_s_2_export.sam"
    servers: ["ec2-79-125-85-204.eu-west-1.compute.amazonaws.com"]
    [ec2-79-125-85-204.eu-west-1.compute.amazonaws.com] executing command
*** [err :: ec2-79-125-85-204.eu-west-1.compute.amazonaws.com] [samopen] SAM header is present: 22 sequences.
    command finished
  * executing "samtools view -bt /mnt/work/mm9_lengths -o /mnt/data/FloResCre_C18_Input_CME116_s_5_export.bam /mnt/data/FloResCre_C18_Input_CME116_s_5_export.sam"
    servers: ["ec2-79-125-85-204.eu-west-1.compute.amazonaws.com"]
    [ec2-79-125-85-204.eu-west-1.compute.amazonaws.com] executing command
*** [err :: ec2-79-125-85-204.eu-west-1.compute.amazonaws.com] [samopen] SAM header is present: 22 sequences.
    command finished
  * executing "samtools view -bt /mnt/work/mm9_lengths -o /mnt/data/FloRes_H4acs_CME118_3_export.bam /mnt/data/FloRes_H4acs_CME118_3_export.sam"
    servers: ["ec2-79-125-85-204.eu-west-1.compute.amazonaws.com"]
    [ec2-79-125-85-204.eu-west-1.compute.amazonaws.com] executing command
*** [err :: ec2-79-125-85-204.eu-west-1.compute.amazonaws.com] [samopen] SAM header is present: 22 sequences.
    command finished
